[02:26:12.406] Global cache location '/Users/Cass/Library/Caches/typescript/4.8', safe file path '/users/cass/kaeforest/node_modules/typescript/lib/typingsafelist.json', types map path /users/cass/kaeforest/node_modules/typescript/lib/typesmap.json
[02:26:12.408] Processing cache location '/Users/Cass/Library/Caches/typescript/4.8'
[02:26:12.408] Trying to find '/Users/Cass/Library/Caches/typescript/4.8/package.json'...
[02:26:12.410] Loaded content of '/Users/Cass/Library/Caches/typescript/4.8/package.json': {"private":true,"dependencies":{"types-registry":"^0.1.621"},"devDependencies":{"@types/11ty__eleventy-img":"^2.0.1","@types/abstract-leveldown":"^7.2.0","@types/aria-query":"^5.0.1","@types/async-eventemitter":"^0.2.1","@types/av":"^0.4.1","@types/babel__core":"^7.1.20","@types/bn.js":"^5.1.1","@types/body-parser":"^1.19.2","@types/bootstrap":"^5.2.6","@types/case-sensitive-paths-webpack-plugin":"^2.1.6","@types/chai":"^4.3.4","@types/check-types":"^7.3.4","@types/co":"^4.6.3","@types/compression":"^1.7.2","@types/cookie-parser":"^1.4.3","@types/cors":"^2.8.12","@types/craco__craco":"^6.4.0","@types/createjs":"^0.0.29","@types/crypto-js":"^4.1.1","@types/d":"^1.0.1","@types/debug":"^4.1.7","@types/domhandler":"^2.4.2","@types/domutils":"^1.7.4","@types/dot":"^1.1.5","@types/errorhandler":"^1.5.0","@types/eslint":"^8.4.10","@types/express":"^4.17.14","@types/express-session":"^1.17.5","@types/fabric":"^4.5.12","@types/file-loader":"^5.0.1","@types/fs-extra":"^9.0.13","@types/gl":"^4.1.1","@types/glob":"^8.0.0","@types/graceful-fs":"^4.1.5","@types/gulp":"^4.0.10","@types/he":"^1.1.2","@types/htmlparser2":"^3.10.3","@types/http-cache-semantics":"^4.0.1","@types/http-errors":"^2.0.1","@types/jquery":"^3.5.14","@types/js-cookie":"^3.0.2","@types/lodash.castarray":"^4.4.7","@types/lodash.merge":"^4.6.7","@types/luxon":"^3.0.1","@types/markdown-it":"^12.2.3","@types/markdown-it-emoji":"^2.0.2","@types/method-override":"^0.0.32","@types/mkdirp":"^1.0.2","@types/module-alias":"^2.0.1","@types/morgan":"^1.9.3","@types/multer":"^1.4.7","@types/node-sass":"^4.11.3","@types/node-uuid":"^0.0.29","@types/nodemailer":"^6.4.6","@types/nunjucks":"^3.2.1","@types/page":"^1.11.5","@types/path-browserify":"^1.0.0","@types/postcss-flexbugs-fixes":"^4.2.1","@types/postcss-import":"^14.0.0","@types/postcss-mixins":"^9.0.0","@types/postcss-preset-env":"^7.7.0","@types/prettier":"^2.7.1","@types/prompts":"^2.4.1","@types/pug":"^2.0.6","@types/react":"^18.0.26","@types/react-bootstrap":"^0.32.31","@types/react-dev-utils":"^9.0.11","@types/react-dom":"^18.0.9","@types/react-html-parser":"^2.0.2","@types/react-is":"^17.0.3","@types/react-redux":"^7.1.24","@types/react-refresh":"^0.14.0","@types/react-router":"^5.1.19","@types/react-router-dom":"^5.3.3","@types/react-slick":"^0.23.10","@types/react-transition-group":"^4.4.5","@types/read":"^0.0.29","@types/regenerator-runtime":"^0.13.1","@types/resolve":"^1.20.2","@types/sass-loader":"^8.0.3","@types/seedrandom":"^3.0.2","@types/semver":"^7.3.13","@types/serve-favicon":"^2.5.3","@types/serve-index":"^1.9.1","@types/sinon":"^10.0.13","@types/sinonjs__fake-timers":"^8.1.2","@types/sockjs":"^0.3.33","@types/stylus":"^0.48.38","@types/svg-parser":"^2.0.3","@types/tcp-ping":"^0.1.3","@types/terminal-kit":"^1.34.1","@types/testing-library__jest-dom":"^5.14.5","@types/three":"^0.146.0","@types/tryer":"^1.0.2","@types/underscore":"^1.11.4","@types/uuid":"^8.3.4","@types/validator":"^13.7.10","@types/webpack-manifest-plugin":"^3.0.5","@types/ws":"^8.5.3","@types/xo":"^0.39.5","@types/yallist":"^4.0.1"}}
[02:26:12.410] Loaded content of '/Users/Cass/Library/Caches/typescript/4.8/package-lock.json'
[02:26:12.416] Adding entry into typings cache: '11ty__eleventy-img' => '/Users/Cass/Library/Caches/typescript/4.8/node_modules/@types/11ty__eleventy-img/index.d.ts'
[02:26:12.418] Adding entry into typings cache: 'abstract-leveldown' => '/Users/Cass/Library/Caches/typescript/4.8/node_modules/@types/abstract-leveldown/index.d.ts'
[02:26:12.419] Adding entry into typings cache: 'aria-query' => '/Users/Cass/Library/Caches/typescript/4.8/node_modules/@types/aria-query/index.d.ts'
[02:26:12.422] Adding entry into typings cache: 'async-eventemitter' => '/Users/Cass/Library/Caches/typescript/4.8/node_modules/@types/async-eventemitter/index.d.ts'
[02:26:12.423] Adding entry into typings cache: 'av' => '/Users/Cass/Library/Caches/typescript/4.8/node_modules/@types/av/index.d.ts'
[02:26:12.424] Adding entry into typings cache: 'babel__core' => '/Users/Cass/Library/Caches/typescript/4.8/node_modules/@types/babel__core/index.d.ts'
[02:26:12.426] Adding entry into typings cache: 'bn.js' => '/Users/Cass/Library/Caches/typescript/4.8/node_modules/@types/bn.js/index.d.ts'
[02:26:12.428] Adding entry into typings cache: 'body-parser' => '/Users/Cass/Library/Caches/typescript/4.8/node_modules/@types/body-parser/index.d.ts'
[02:26:12.429] Adding entry into typings cache: 'bootstrap' => '/Users/Cass/Library/Caches/typescript/4.8/node_modules/@types/bootstrap/index.d.ts'
[02:26:12.431] Adding entry into typings cache: 'case-sensitive-paths-webpack-plugin' => '/Users/Cass/Library/Caches/typescript/4.8/node_modules/@types/case-sensitive-paths-webpack-plugin/index.d.ts'
[02:26:12.432] Adding entry into typings cache: 'chai' => '/Users/Cass/Library/Caches/typescript/4.8/node_modules/@types/chai/index.d.ts'
[02:26:12.433] Adding entry into typings cache: 'check-types' => '/Users/Cass/Library/Caches/typescript/4.8/node_modules/@types/check-types/index.d.ts'
[02:26:12.435] Adding entry into typings cache: 'co' => '/Users/Cass/Library/Caches/typescript/4.8/node_modules/@types/co/index.d.ts'
[02:26:12.436] Adding entry into typings cache: 'compression' => '/Users/Cass/Library/Caches/typescript/4.8/node_modules/@types/compression/index.d.ts'
[02:26:12.437] Adding entry into typings cache: 'cookie-parser' => '/Users/Cass/Library/Caches/typescript/4.8/node_modules/@types/cookie-parser/index.d.ts'
[02:26:12.438] Adding entry into typings cache: 'cors' => '/Users/Cass/Library/Caches/typescript/4.8/node_modules/@types/cors/index.d.ts'
[02:26:12.439] Adding entry into typings cache: 'craco__craco' => '/Users/Cass/Library/Caches/typescript/4.8/node_modules/@types/craco__craco/index.d.ts'
[02:26:12.440] Adding entry into typings cache: 'createjs' => '/Users/Cass/Library/Caches/typescript/4.8/node_modules/@types/createjs/index.d.ts'
[02:26:12.442] Adding entry into typings cache: 'crypto-js' => '/Users/Cass/Library/Caches/typescript/4.8/node_modules/@types/crypto-js/index.d.ts'
[02:26:12.443] Adding entry into typings cache: 'd' => '/Users/Cass/Library/Caches/typescript/4.8/node_modules/@types/d/index.d.ts'
[02:26:12.444] Adding entry into typings cache: 'debug' => '/Users/Cass/Library/Caches/typescript/4.8/node_modules/@types/debug/index.d.ts'
[02:26:12.446] Adding entry into typings cache: 'domhandler' => '/Users/Cass/Library/Caches/typescript/4.8/node_modules/@types/domhandler/index.d.ts'
[02:26:12.447] Adding entry into typings cache: 'domutils' => '/Users/Cass/Library/Caches/typescript/4.8/node_modules/@types/domutils/index.d.ts'
[02:26:12.447] Adding entry into typings cache: 'dot' => '/Users/Cass/Library/Caches/typescript/4.8/node_modules/@types/dot/index.d.ts'
[02:26:12.448] Adding entry into typings cache: 'errorhandler' => '/Users/Cass/Library/Caches/typescript/4.8/node_modules/@types/errorhandler/index.d.ts'
[02:26:12.450] Adding entry into typings cache: 'eslint' => '/Users/Cass/Library/Caches/typescript/4.8/node_modules/@types/eslint/index.d.ts'
[02:26:12.451] Adding entry into typings cache: 'express' => '/Users/Cass/Library/Caches/typescript/4.8/node_modules/@types/express/index.d.ts'
[02:26:12.452] Adding entry into typings cache: 'express-session' => '/Users/Cass/Library/Caches/typescript/4.8/node_modules/@types/express-session/index.d.ts'
[02:26:12.454] Adding entry into typings cache: 'fabric' => '/Users/Cass/Library/Caches/typescript/4.8/node_modules/@types/fabric/index.d.ts'
[02:26:12.454] Adding entry into typings cache: 'file-loader' => '/Users/Cass/Library/Caches/typescript/4.8/node_modules/@types/file-loader/index.d.ts'
[02:26:12.456] Adding entry into typings cache: 'fs-extra' => '/Users/Cass/Library/Caches/typescript/4.8/node_modules/@types/fs-extra/index.d.ts'
[02:26:12.457] Adding entry into typings cache: 'gl' => '/Users/Cass/Library/Caches/typescript/4.8/node_modules/@types/gl/index.d.ts'
[02:26:12.458] Adding entry into typings cache: 'glob' => '/Users/Cass/Library/Caches/typescript/4.8/node_modules/@types/glob/index.d.ts'
[02:26:12.461] Adding entry into typings cache: 'graceful-fs' => '/Users/Cass/Library/Caches/typescript/4.8/node_modules/@types/graceful-fs/index.d.ts'
[02:26:12.462] Adding entry into typings cache: 'gulp' => '/Users/Cass/Library/Caches/typescript/4.8/node_modules/@types/gulp/index.d.ts'
[02:26:12.463] Adding entry into typings cache: 'he' => '/Users/Cass/Library/Caches/typescript/4.8/node_modules/@types/he/index.d.ts'
[02:26:12.464] Adding entry into typings cache: 'htmlparser2' => '/Users/Cass/Library/Caches/typescript/4.8/node_modules/@types/htmlparser2/index.d.ts'
[02:26:12.466] Adding entry into typings cache: 'http-cache-semantics' => '/Users/Cass/Library/Caches/typescript/4.8/node_modules/@types/http-cache-semantics/index.d.ts'
[02:26:12.466] Adding entry into typings cache: 'http-errors' => '/Users/Cass/Library/Caches/typescript/4.8/node_modules/@types/http-errors/index.d.ts'
[02:26:12.467] Adding entry into typings cache: 'jquery' => '/Users/Cass/Library/Caches/typescript/4.8/node_modules/@types/jquery/index.d.ts'
[02:26:12.468] Adding entry into typings cache: 'js-cookie' => '/Users/Cass/Library/Caches/typescript/4.8/node_modules/@types/js-cookie/index.d.ts'
[02:26:12.470] Adding entry into typings cache: 'lodash.castarray' => '/Users/Cass/Library/Caches/typescript/4.8/node_modules/@types/lodash.castarray/index.d.ts'
[02:26:12.470] Adding entry into typings cache: 'lodash.merge' => '/Users/Cass/Library/Caches/typescript/4.8/node_modules/@types/lodash.merge/index.d.ts'
[02:26:12.471] Adding entry into typings cache: 'luxon' => '/Users/Cass/Library/Caches/typescript/4.8/node_modules/@types/luxon/index.d.ts'
[02:26:12.472] Adding entry into typings cache: 'markdown-it' => '/Users/Cass/Library/Caches/typescript/4.8/node_modules/@types/markdown-it/index.d.ts'
[02:26:12.472] Adding entry into typings cache: 'markdown-it-emoji' => '/Users/Cass/Library/Caches/typescript/4.8/node_modules/@types/markdown-it-emoji/index.d.ts'
[02:26:12.473] Adding entry into typings cache: 'method-override' => '/Users/Cass/Library/Caches/typescript/4.8/node_modules/@types/method-override/index.d.ts'
[02:26:12.473] Adding entry into typings cache: 'mkdirp' => '/Users/Cass/Library/Caches/typescript/4.8/node_modules/@types/mkdirp/index.d.ts'
[02:26:12.475] Adding entry into typings cache: 'module-alias' => '/Users/Cass/Library/Caches/typescript/4.8/node_modules/@types/module-alias/index.d.ts'
[02:26:12.475] Adding entry into typings cache: 'morgan' => '/Users/Cass/Library/Caches/typescript/4.8/node_modules/@types/morgan/index.d.ts'
[02:26:12.476] Adding entry into typings cache: 'multer' => '/Users/Cass/Library/Caches/typescript/4.8/node_modules/@types/multer/index.d.ts'
[02:26:12.477] Adding entry into typings cache: 'node-sass' => '/Users/Cass/Library/Caches/typescript/4.8/node_modules/@types/node-sass/index.d.ts'
[02:26:12.478] Adding entry into typings cache: 'node-uuid' => '/Users/Cass/Library/Caches/typescript/4.8/node_modules/@types/node-uuid/index.d.ts'
[02:26:12.479] Adding entry into typings cache: 'nodemailer' => '/Users/Cass/Library/Caches/typescript/4.8/node_modules/@types/nodemailer/index.d.ts'
[02:26:12.480] Adding entry into typings cache: 'nunjucks' => '/Users/Cass/Library/Caches/typescript/4.8/node_modules/@types/nunjucks/index.d.ts'
[02:26:12.481] Adding entry into typings cache: 'page' => '/Users/Cass/Library/Caches/typescript/4.8/node_modules/@types/page/index.d.ts'
[02:26:12.481] Adding entry into typings cache: 'path-browserify' => '/Users/Cass/Library/Caches/typescript/4.8/node_modules/@types/path-browserify/index.d.ts'
[02:26:12.482] Adding entry into typings cache: 'postcss-flexbugs-fixes' => '/Users/Cass/Library/Caches/typescript/4.8/node_modules/@types/postcss-flexbugs-fixes/index.d.ts'
[02:26:12.483] Adding entry into typings cache: 'postcss-import' => '/Users/Cass/Library/Caches/typescript/4.8/node_modules/@types/postcss-import/index.d.ts'
[02:26:12.484] Adding entry into typings cache: 'postcss-mixins' => '/Users/Cass/Library/Caches/typescript/4.8/node_modules/@types/postcss-mixins/index.d.ts'
[02:26:12.485] Adding entry into typings cache: 'postcss-preset-env' => '/Users/Cass/Library/Caches/typescript/4.8/node_modules/@types/postcss-preset-env/index.d.ts'
[02:26:12.486] Adding entry into typings cache: 'prettier' => '/Users/Cass/Library/Caches/typescript/4.8/node_modules/@types/prettier/index.d.ts'
[02:26:12.487] Adding entry into typings cache: 'prompts' => '/Users/Cass/Library/Caches/typescript/4.8/node_modules/@types/prompts/index.d.ts'
[02:26:12.488] Adding entry into typings cache: 'pug' => '/Users/Cass/Library/Caches/typescript/4.8/node_modules/@types/pug/index.d.ts'
[02:26:12.490] Adding entry into typings cache: 'react' => '/Users/Cass/Library/Caches/typescript/4.8/node_modules/@types/react/index.d.ts'
[02:26:12.491] Adding entry into typings cache: 'react-bootstrap' => '/Users/Cass/Library/Caches/typescript/4.8/node_modules/@types/react-bootstrap/index.d.ts'
[02:26:12.491] Adding entry into typings cache: 'react-dev-utils' => '/Users/Cass/Library/Caches/typescript/4.8/node_modules/@types/react-dev-utils/index.d.ts'
[02:26:12.492] Adding entry into typings cache: 'react-dom' => '/Users/Cass/Library/Caches/typescript/4.8/node_modules/@types/react-dom/index.d.ts'
[02:26:12.493] Adding entry into typings cache: 'react-html-parser' => '/Users/Cass/Library/Caches/typescript/4.8/node_modules/@types/react-html-parser/index.d.ts'
[02:26:12.494] Adding entry into typings cache: 'react-is' => '/Users/Cass/Library/Caches/typescript/4.8/node_modules/@types/react-is/index.d.ts'
[02:26:12.496] Adding entry into typings cache: 'react-redux' => '/Users/Cass/Library/Caches/typescript/4.8/node_modules/@types/react-redux/index.d.ts'
[02:26:12.497] Adding entry into typings cache: 'react-refresh' => '/Users/Cass/Library/Caches/typescript/4.8/node_modules/@types/react-refresh/index.d.ts'
[02:26:12.498] Adding entry into typings cache: 'react-router' => '/Users/Cass/Library/Caches/typescript/4.8/node_modules/@types/react-router/index.d.ts'
[02:26:12.498] Adding entry into typings cache: 'react-router-dom' => '/Users/Cass/Library/Caches/typescript/4.8/node_modules/@types/react-router-dom/index.d.ts'
[02:26:12.499] Adding entry into typings cache: 'react-slick' => '/Users/Cass/Library/Caches/typescript/4.8/node_modules/@types/react-slick/index.d.ts'
[02:26:12.500] Adding entry into typings cache: 'react-transition-group' => '/Users/Cass/Library/Caches/typescript/4.8/node_modules/@types/react-transition-group/index.d.ts'
[02:26:12.501] Adding entry into typings cache: 'read' => '/Users/Cass/Library/Caches/typescript/4.8/node_modules/@types/read/index.d.ts'
[02:26:12.502] Adding entry into typings cache: 'regenerator-runtime' => '/Users/Cass/Library/Caches/typescript/4.8/node_modules/@types/regenerator-runtime/index.d.ts'
[02:26:12.503] Adding entry into typings cache: 'resolve' => '/Users/Cass/Library/Caches/typescript/4.8/node_modules/@types/resolve/index.d.ts'
[02:26:12.504] Adding entry into typings cache: 'sass-loader' => '/Users/Cass/Library/Caches/typescript/4.8/node_modules/@types/sass-loader/index.d.ts'
[02:26:12.504] Adding entry into typings cache: 'seedrandom' => '/Users/Cass/Library/Caches/typescript/4.8/node_modules/@types/seedrandom/index.d.ts'
[02:26:12.505] Adding entry into typings cache: 'semver' => '/Users/Cass/Library/Caches/typescript/4.8/node_modules/@types/semver/index.d.ts'
[02:26:12.506] Adding entry into typings cache: 'serve-favicon' => '/Users/Cass/Library/Caches/typescript/4.8/node_modules/@types/serve-favicon/index.d.ts'
[02:26:12.506] Adding entry into typings cache: 'serve-index' => '/Users/Cass/Library/Caches/typescript/4.8/node_modules/@types/serve-index/index.d.ts'
[02:26:12.507] Adding entry into typings cache: 'sinon' => '/Users/Cass/Library/Caches/typescript/4.8/node_modules/@types/sinon/index.d.ts'
[02:26:12.508] Adding entry into typings cache: 'sinonjs__fake-timers' => '/Users/Cass/Library/Caches/typescript/4.8/node_modules/@types/sinonjs__fake-timers/index.d.ts'
[02:26:12.509] Adding entry into typings cache: 'sockjs' => '/Users/Cass/Library/Caches/typescript/4.8/node_modules/@types/sockjs/index.d.ts'
[02:26:12.510] Adding entry into typings cache: 'stylus' => '/Users/Cass/Library/Caches/typescript/4.8/node_modules/@types/stylus/index.d.ts'
[02:26:12.510] Adding entry into typings cache: 'svg-parser' => '/Users/Cass/Library/Caches/typescript/4.8/node_modules/@types/svg-parser/index.d.ts'
[02:26:12.511] Adding entry into typings cache: 'tcp-ping' => '/Users/Cass/Library/Caches/typescript/4.8/node_modules/@types/tcp-ping/index.d.ts'
[02:26:12.512] Adding entry into typings cache: 'terminal-kit' => '/Users/Cass/Library/Caches/typescript/4.8/node_modules/@types/terminal-kit/index.d.ts'
[02:26:12.513] Adding entry into typings cache: 'testing-library__jest-dom' => '/Users/Cass/Library/Caches/typescript/4.8/node_modules/@types/testing-library__jest-dom/index.d.ts'
[02:26:12.514] Adding entry into typings cache: 'three' => '/Users/Cass/Library/Caches/typescript/4.8/node_modules/@types/three/index.d.ts'
[02:26:12.514] Adding entry into typings cache: 'tryer' => '/Users/Cass/Library/Caches/typescript/4.8/node_modules/@types/tryer/index.d.ts'
[02:26:12.515] Adding entry into typings cache: 'underscore' => '/Users/Cass/Library/Caches/typescript/4.8/node_modules/@types/underscore/index.d.ts'
[02:26:12.516] Adding entry into typings cache: 'uuid' => '/Users/Cass/Library/Caches/typescript/4.8/node_modules/@types/uuid/index.d.ts'
[02:26:12.517] Adding entry into typings cache: 'validator' => '/Users/Cass/Library/Caches/typescript/4.8/node_modules/@types/validator/index.d.ts'
[02:26:12.517] Adding entry into typings cache: 'webpack-manifest-plugin' => '/Users/Cass/Library/Caches/typescript/4.8/node_modules/@types/webpack-manifest-plugin/index.d.ts'
[02:26:12.518] Adding entry into typings cache: 'ws' => '/Users/Cass/Library/Caches/typescript/4.8/node_modules/@types/ws/index.d.ts'
[02:26:12.518] Adding entry into typings cache: 'xo' => '/Users/Cass/Library/Caches/typescript/4.8/node_modules/@types/xo/index.d.ts'
[02:26:12.519] Adding entry into typings cache: 'yallist' => '/Users/Cass/Library/Caches/typescript/4.8/node_modules/@types/yallist/index.d.ts'
[02:26:12.519] Finished processing cache location '/Users/Cass/Library/Caches/typescript/4.8'
[02:26:12.519] Process id: 71006
[02:26:12.519] NPM location: /Users/Cass/.nvm/versions/node/v18.13.0/bin/npm (explicit '--npmLocation' not  provided)
[02:26:12.519] validateDefaultNpmLocation: false
[02:26:12.519] Npm config file: /Users/Cass/Library/Caches/typescript/4.8/package.json
[02:26:12.519] Updating types-registry npm package...
[02:26:12.519] Exec: /Users/Cass/.nvm/versions/node/v18.13.0/bin/npm install --ignore-scripts types-registry@latest
[02:26:13.576]     Succeeded. stdout:
    
    changed 1 package, and audited 266 packages in 849ms

15 packages are looking for funding
  run `npm fund` for details

found 0 vulnerabilities

[02:26:13.576] Updated types-registry npm package
[02:26:13.594] Got install request {"projectName":"/dev/null/inferredProject1*","fileNames":["/Users/Cass/Kaeforest/node_modules/typescript/lib/lib.es5.d.ts","/Users/Cass/Kaeforest/node_modules/typescript/lib/lib.es2015.d.ts","/Users/Cass/Kaeforest/node_modules/typescript/lib/lib.es2016.d.ts","/Users/Cass/Kaeforest/node_modules/typescript/lib/lib.dom.d.ts","/Users/Cass/Kaeforest/node_modules/typescript/lib/lib.dom.iterable.d.ts","/Users/Cass/Kaeforest/node_modules/typescript/lib/lib.webworker.importscripts.d.ts","/Users/Cass/Kaeforest/node_modules/typescript/lib/lib.scripthost.d.ts","/Users/Cass/Kaeforest/node_modules/typescript/lib/lib.es2015.core.d.ts","/Users/Cass/Kaeforest/node_modules/typescript/lib/lib.es2015.collection.d.ts","/Users/Cass/Kaeforest/node_modules/typescript/lib/lib.es2015.generator.d.ts","/Users/Cass/Kaeforest/node_modules/typescript/lib/lib.es2015.iterable.d.ts","/Users/Cass/Kaeforest/node_modules/typescript/lib/lib.es2015.promise.d.ts","/Users/Cass/Kaeforest/node_modules/typescript/lib/lib.es2015.proxy.d.ts","/Users/Cass/Kaeforest/node_modules/typescript/lib/lib.es2015.reflect.d.ts","/Users/Cass/Kaeforest/node_modules/typescript/lib/lib.es2015.symbol.d.ts","/Users/Cass/Kaeforest/node_modules/typescript/lib/lib.es2015.symbol.wellknown.d.ts","/Users/Cass/Kaeforest/node_modules/typescript/lib/lib.es2016.array.include.d.ts","/Users/Cass/Kaeforest/node_modules/typescript/lib/lib.es2016.full.d.ts","/Users/Cass/Kaeforest/.eleventy.js"],"compilerOptions":{"module":1,"target":3,"jsx":1,"allowJs":true,"allowSyntheticDefaultImports":true,"allowNonTsExtensions":true,"noEmitForJsFiles":true,"maxNodeModuleJsDepth":2},"typeAcquisition":{"enable":true,"include":[],"exclude":[]},"unresolvedImports":["@11ty/eleventy-navigation","@11ty/eleventy-plugin-directory-output","@11ty/eleventy-plugin-rss","@11ty/eleventy-plugin-syntaxhighlight","ascii2mathml","eleventy-plugin-toc","markdown-it-footnote","markdown-it-ins","markdown-it-math","markdown-it-replace-link","posthtml-urls","prismjs","strip-color"],"projectRootPath":"/Users/Cass/Kaeforest","kind":"discover"}
[02:26:13.599] Loaded safelist from types map file '/users/cass/kaeforest/node_modules/typescript/lib/typesmap.json'
[02:26:13.599] Explicitly included types: []
[02:26:13.600] Typing names in '/Users/Cass/Kaeforest/package.json' dependencies: ["@11ty/eleventy-plugin-directory-output","axios","dotenv","eleventy-plugin-toc","markdown-it-footnote","markdown-it-ins","markdown-it-math","title-case","@11ty/eleventy","@11ty/eleventy-img","@11ty/eleventy-navigation","@11ty/eleventy-plugin-rss","@11ty/eleventy-plugin-syntaxhighlight","autoprefixer","luxon","markdown-it","markdown-it-anchor","markdown-it-emoji","markdown-it-replace-link","npm-run-all","prettier","prettier-config-xo","stylus","xo"]
[02:26:13.600] Searching for typing names in /Users/Cass/Kaeforest/node_modules; all files: ["/Users/Cass/Kaeforest/node_modules/@11ty/eleventy-plugin-directory-output/package.json","/Users/Cass/Kaeforest/node_modules/axios/package.json","/Users/Cass/Kaeforest/node_modules/dotenv/package.json","/Users/Cass/Kaeforest/node_modules/eleventy-plugin-toc/package.json","/Users/Cass/Kaeforest/node_modules/markdown-it-footnote/package.json","/Users/Cass/Kaeforest/node_modules/markdown-it-ins/package.json","/Users/Cass/Kaeforest/node_modules/markdown-it-math/package.json","/Users/Cass/Kaeforest/node_modules/title-case/package.json","/Users/Cass/Kaeforest/node_modules/@11ty/eleventy/package.json","/Users/Cass/Kaeforest/node_modules/@11ty/eleventy-img/package.json","/Users/Cass/Kaeforest/node_modules/@11ty/eleventy-navigation/package.json","/Users/Cass/Kaeforest/node_modules/@11ty/eleventy-plugin-rss/package.json","/Users/Cass/Kaeforest/node_modules/@11ty/eleventy-plugin-syntaxhighlight/package.json","/Users/Cass/Kaeforest/node_modules/autoprefixer/package.json","/Users/Cass/Kaeforest/node_modules/luxon/package.json","/Users/Cass/Kaeforest/node_modules/markdown-it/package.json","/Users/Cass/Kaeforest/node_modules/markdown-it-anchor/package.json","/Users/Cass/Kaeforest/node_modules/markdown-it-emoji/package.json","/Users/Cass/Kaeforest/node_modules/markdown-it-replace-link/package.json","/Users/Cass/Kaeforest/node_modules/npm-run-all/package.json","/Users/Cass/Kaeforest/node_modules/prettier/package.json","/Users/Cass/Kaeforest/node_modules/prettier-config-xo/package.json","/Users/Cass/Kaeforest/node_modules/stylus/package.json","/Users/Cass/Kaeforest/node_modules/xo/package.json"]
[02:26:13.600]     Package 'axios' provides its own types.
[02:26:13.601]     Package 'dotenv' provides its own types.
[02:26:13.602]     Package 'title-case' provides its own types.
[02:26:13.603]     Package 'autoprefixer' provides its own types.
[02:26:13.605]     Package 'markdown-it-anchor' provides its own types.
[02:26:13.608]     Found package names: ["@11ty/eleventy-plugin-directory-output","eleventy-plugin-toc","markdown-it-footnote","markdown-it-ins","markdown-it-math","@11ty/eleventy","@11ty/eleventy-img","@11ty/eleventy-navigation","@11ty/eleventy-plugin-rss","@11ty/eleventy-plugin-syntaxhighlight","luxon","markdown-it","markdown-it-emoji","markdown-it-replace-link","npm-run-all","prettier","prettier-config-xo","stylus","xo"]
[02:26:13.608] Inferred typings from unresolved imports: ["@11ty/eleventy-navigation","@11ty/eleventy-plugin-directory-output","posthtml-urls","prismjs","strip-color","@11ty/eleventy-plugin-rss","@11ty/eleventy-plugin-syntaxhighlight","ascii2mathml","eleventy-plugin-toc","markdown-it-footnote","markdown-it-ins","markdown-it-math","markdown-it-replace-link"]
[02:26:13.608] Result: {"cachedTypingPaths":["/Users/Cass/Kaeforest/node_modules/axios/index.d.ts","/Users/Cass/Kaeforest/node_modules/dotenv/lib/main.d.ts","/Users/Cass/Kaeforest/node_modules/title-case/dist/index.d.ts","/Users/Cass/Kaeforest/node_modules/autoprefixer/lib/autoprefixer.d.ts","/Users/Cass/Library/Caches/typescript/4.8/node_modules/@types/markdown-it/index.d.ts","/Users/Cass/Kaeforest/node_modules/markdown-it-anchor/types/index.d.ts","/Users/Cass/Library/Caches/typescript/4.8/node_modules/@types/markdown-it-emoji/index.d.ts","/Users/Cass/Library/Caches/typescript/4.8/node_modules/@types/stylus/index.d.ts","/Users/Cass/Library/Caches/typescript/4.8/node_modules/@types/xo/index.d.ts"],"newTypingNames":["@11ty/eleventy-plugin-directory-output","eleventy-plugin-toc","markdown-it-footnote","markdown-it-ins","markdown-it-math","@11ty/eleventy","@11ty/eleventy-img","@11ty/eleventy-navigation","@11ty/eleventy-plugin-rss","@11ty/eleventy-plugin-syntaxhighlight","luxon","markdown-it-replace-link","npm-run-all","prettier","prettier-config-xo","posthtml-urls","prismjs","strip-color","ascii2mathml"],"filesToWatch":["/Users/Cass/Kaeforest/bower_components","/Users/Cass/Kaeforest/package.json","/Users/Cass/Kaeforest/node_modules"]}
[02:26:13.608] Finished typings discovery: {"cachedTypingPaths":["/Users/Cass/Kaeforest/node_modules/axios/index.d.ts","/Users/Cass/Kaeforest/node_modules/dotenv/lib/main.d.ts","/Users/Cass/Kaeforest/node_modules/title-case/dist/index.d.ts","/Users/Cass/Kaeforest/node_modules/autoprefixer/lib/autoprefixer.d.ts","/Users/Cass/Library/Caches/typescript/4.8/node_modules/@types/markdown-it/index.d.ts","/Users/Cass/Kaeforest/node_modules/markdown-it-anchor/types/index.d.ts","/Users/Cass/Library/Caches/typescript/4.8/node_modules/@types/markdown-it-emoji/index.d.ts","/Users/Cass/Library/Caches/typescript/4.8/node_modules/@types/stylus/index.d.ts","/Users/Cass/Library/Caches/typescript/4.8/node_modules/@types/xo/index.d.ts"],"newTypingNames":["@11ty/eleventy-plugin-directory-output","eleventy-plugin-toc","markdown-it-footnote","markdown-it-ins","markdown-it-math","@11ty/eleventy","@11ty/eleventy-img","@11ty/eleventy-navigation","@11ty/eleventy-plugin-rss","@11ty/eleventy-plugin-syntaxhighlight","luxon","markdown-it-replace-link","npm-run-all","prettier","prettier-config-xo","posthtml-urls","prismjs","strip-color","ascii2mathml"],"filesToWatch":["/Users/Cass/Kaeforest/bower_components","/Users/Cass/Kaeforest/package.json","/Users/Cass/Kaeforest/node_modules"]}
[02:26:13.609] DirectoryWatcher:: Added:: WatchInfo: /Users/Cass/Kaeforest/bower_components
[02:26:13.609] DirectoryWatcher:: Added:: WatchInfo: /Users/Cass/Kaeforest/bower_components 1 undefined Project: /dev/null/inferredProject1* watcher already invoked: false
[02:26:13.609] Elapsed:: 0.45487502217292786ms DirectoryWatcher:: Added:: WatchInfo: /Users/Cass/Kaeforest/bower_components 1 undefined Project: /dev/null/inferredProject1* watcher already invoked: false
[02:26:13.609] FileWatcher:: Added:: WatchInfo: /Users/Cass/Kaeforest/package.json
[02:26:13.610] FileWatcher:: Added:: WatchInfo: /Users/Cass/Kaeforest/package.json 2000 undefined Project: /dev/null/inferredProject1* watcher already invoked: false
[02:26:13.610] DirectoryWatcher:: Added:: WatchInfo: /Users/Cass/Kaeforest/node_modules
[02:26:13.610] DirectoryWatcher:: Added:: WatchInfo: /Users/Cass/Kaeforest/node_modules 1 undefined Project: /dev/null/inferredProject1* watcher already invoked: false
[02:26:13.610] Elapsed:: 0.5026659965515137ms DirectoryWatcher:: Added:: WatchInfo: /Users/Cass/Kaeforest/node_modules 1 undefined Project: /dev/null/inferredProject1* watcher already invoked: false
[02:26:13.610] Installing typings ["@11ty/eleventy-plugin-directory-output","eleventy-plugin-toc","markdown-it-footnote","markdown-it-ins","markdown-it-math","@11ty/eleventy","@11ty/eleventy-img","@11ty/eleventy-navigation","@11ty/eleventy-plugin-rss","@11ty/eleventy-plugin-syntaxhighlight","luxon","markdown-it-replace-link","npm-run-all","prettier","prettier-config-xo","posthtml-urls","prismjs","strip-color","ascii2mathml"]
[02:26:13.611] '@11ty/eleventy-plugin-directory-output':: Entry for package '11ty__eleventy-plugin-directory-output' does not exist in local types registry - skipping...
[02:26:13.611] 'eleventy-plugin-toc':: Entry for package 'eleventy-plugin-toc' does not exist in local types registry - skipping...
[02:26:13.611] 'markdown-it-ins':: Entry for package 'markdown-it-ins' does not exist in local types registry - skipping...
[02:26:13.611] 'markdown-it-math':: Entry for package 'markdown-it-math' does not exist in local types registry - skipping...
[02:26:13.611] '@11ty/eleventy':: Entry for package '11ty__eleventy' does not exist in local types registry - skipping...
[02:26:13.611] '@11ty/eleventy-img':: '11ty__eleventy-img' already has an up-to-date typing - skipping...
[02:26:13.611] '@11ty/eleventy-navigation':: Entry for package '11ty__eleventy-navigation' does not exist in local types registry - skipping...
[02:26:13.611] '@11ty/eleventy-plugin-rss':: Entry for package '11ty__eleventy-plugin-rss' does not exist in local types registry - skipping...
[02:26:13.611] '@11ty/eleventy-plugin-syntaxhighlight':: Entry for package '11ty__eleventy-plugin-syntaxhighlight' does not exist in local types registry - skipping...
[02:26:13.611] 'markdown-it-replace-link':: Entry for package 'markdown-it-replace-link' does not exist in local types registry - skipping...
[02:26:13.611] 'npm-run-all':: Entry for package 'npm-run-all' does not exist in local types registry - skipping...
[02:26:13.611] 'prettier-config-xo':: Entry for package 'prettier-config-xo' does not exist in local types registry - skipping...
[02:26:13.611] 'posthtml-urls':: Entry for package 'posthtml-urls' does not exist in local types registry - skipping...
[02:26:13.611] Npm config file: /Users/Cass/Library/Caches/typescript/4.8/package.json
[02:26:13.611] Sending response:
    {"kind":"event::beginInstallTypes","eventId":1,"typingsInstallerVersion":"4.8.4","projectName":"/dev/null/inferredProject1*"}
[02:26:13.612] Response has been sent.
[02:26:13.612] #1 with arguments'["@types/markdown-it-footnote@ts4.8","@types/luxon@ts4.8","@types/prettier@ts4.8","@types/prismjs@ts4.8","@types/strip-color@ts4.8","@types/ascii2mathml@ts4.8"]'.
[02:26:13.612] Exec: /Users/Cass/.nvm/versions/node/v18.13.0/bin/npm install --ignore-scripts @types/markdown-it-footnote@ts4.8 @types/luxon@ts4.8 @types/prettier@ts4.8 @types/prismjs@ts4.8 @types/strip-color@ts4.8 @types/ascii2mathml@ts4.8 --save-dev --user-agent="typesInstaller/4.8.4"
[02:26:16.552]     Succeeded. stdout:
    
    added 4 packages, changed 2 packages, and audited 270 packages in 3s

15 packages are looking for funding
  run `npm fund` for details

found 0 vulnerabilities

[02:26:16.552] npm install #1 took: 2940 ms
[02:26:16.552] Installed typings ["@types/markdown-it-footnote@ts4.8","@types/luxon@ts4.8","@types/prettier@ts4.8","@types/prismjs@ts4.8","@types/strip-color@ts4.8","@types/ascii2mathml@ts4.8"]
[02:26:16.554] Installed typing files ["/Users/Cass/Library/Caches/typescript/4.8/node_modules/@types/markdown-it-footnote/index.d.ts","/Users/Cass/Library/Caches/typescript/4.8/node_modules/@types/luxon/index.d.ts","/Users/Cass/Library/Caches/typescript/4.8/node_modules/@types/prettier/index.d.ts","/Users/Cass/Library/Caches/typescript/4.8/node_modules/@types/prismjs/index.d.ts","/Users/Cass/Library/Caches/typescript/4.8/node_modules/@types/strip-color/index.d.ts","/Users/Cass/Library/Caches/typescript/4.8/node_modules/@types/ascii2mathml/index.d.ts"]
[02:26:16.554] Sending response:
    {"projectName":"/dev/null/inferredProject1*","typeAcquisition":{"enable":true,"include":[],"exclude":[]},"compilerOptions":{"module":1,"target":3,"jsx":1,"allowJs":true,"allowSyntheticDefaultImports":true,"allowNonTsExtensions":true,"noEmitForJsFiles":true,"maxNodeModuleJsDepth":2},"typings":["/Users/Cass/Kaeforest/node_modules/axios/index.d.ts","/Users/Cass/Kaeforest/node_modules/dotenv/lib/main.d.ts","/Users/Cass/Kaeforest/node_modules/title-case/dist/index.d.ts","/Users/Cass/Kaeforest/node_modules/autoprefixer/lib/autoprefixer.d.ts","/Users/Cass/Library/Caches/typescript/4.8/node_modules/@types/markdown-it/index.d.ts","/Users/Cass/Kaeforest/node_modules/markdown-it-anchor/types/index.d.ts","/Users/Cass/Library/Caches/typescript/4.8/node_modules/@types/markdown-it-emoji/index.d.ts","/Users/Cass/Library/Caches/typescript/4.8/node_modules/@types/stylus/index.d.ts","/Users/Cass/Library/Caches/typescript/4.8/node_modules/@types/xo/index.d.ts","/Users/Cass/Library/Caches/typescript/4.8/node_modules/@types/markdown-it-footnote/index.d.ts","/Users/Cass/Library/Caches/typescript/4.8/node_modules/@types/luxon/index.d.ts","/Users/Cass/Library/Caches/typescript/4.8/node_modules/@types/prettier/index.d.ts","/Users/Cass/Library/Caches/typescript/4.8/node_modules/@types/prismjs/index.d.ts","/Users/Cass/Library/Caches/typescript/4.8/node_modules/@types/strip-color/index.d.ts","/Users/Cass/Library/Caches/typescript/4.8/node_modules/@types/ascii2mathml/index.d.ts"],"unresolvedImports":["@11ty/eleventy-navigation","@11ty/eleventy-plugin-directory-output","@11ty/eleventy-plugin-rss","@11ty/eleventy-plugin-syntaxhighlight","ascii2mathml","eleventy-plugin-toc","markdown-it-footnote","markdown-it-ins","markdown-it-math","markdown-it-replace-link","posthtml-urls","prismjs","strip-color"],"kind":"action::set"}
[02:26:16.554] Response has been sent.
[02:26:16.554] Sending response:
    {"kind":"event::endInstallTypes","eventId":1,"projectName":"/dev/null/inferredProject1*","packagesToInstall":["@types/markdown-it-footnote@ts4.8","@types/luxon@ts4.8","@types/prettier@ts4.8","@types/prismjs@ts4.8","@types/strip-color@ts4.8","@types/ascii2mathml@ts4.8"],"installSuccess":true,"typingsInstallerVersion":"4.8.4"}
[02:26:16.554] Response has been sent.
[02:26:17.011] Got install request {"projectName":"/dev/null/inferredProject1*","fileNames":["/Users/Cass/Kaeforest/node_modules/typescript/lib/lib.es5.d.ts","/Users/Cass/Kaeforest/node_modules/typescript/lib/lib.es2015.d.ts","/Users/Cass/Kaeforest/node_modules/typescript/lib/lib.es2016.d.ts","/Users/Cass/Kaeforest/node_modules/typescript/lib/lib.dom.d.ts","/Users/Cass/Kaeforest/node_modules/typescript/lib/lib.dom.iterable.d.ts","/Users/Cass/Kaeforest/node_modules/typescript/lib/lib.webworker.importscripts.d.ts","/Users/Cass/Kaeforest/node_modules/typescript/lib/lib.scripthost.d.ts","/Users/Cass/Kaeforest/node_modules/typescript/lib/lib.es2015.core.d.ts","/Users/Cass/Kaeforest/node_modules/typescript/lib/lib.es2015.collection.d.ts","/Users/Cass/Kaeforest/node_modules/typescript/lib/lib.es2015.generator.d.ts","/Users/Cass/Kaeforest/node_modules/typescript/lib/lib.es2015.iterable.d.ts","/Users/Cass/Kaeforest/node_modules/typescript/lib/lib.es2015.promise.d.ts","/Users/Cass/Kaeforest/node_modules/typescript/lib/lib.es2015.proxy.d.ts","/Users/Cass/Kaeforest/node_modules/typescript/lib/lib.es2015.reflect.d.ts","/Users/Cass/Kaeforest/node_modules/typescript/lib/lib.es2015.symbol.d.ts","/Users/Cass/Kaeforest/node_modules/typescript/lib/lib.es2015.symbol.wellknown.d.ts","/Users/Cass/Kaeforest/node_modules/typescript/lib/lib.es2016.array.include.d.ts","/Users/Cass/Kaeforest/node_modules/typescript/lib/lib.es2016.full.d.ts","/Users/Cass/Library/Caches/typescript/4.8/node_modules/@types/luxon/index.d.ts","/Users/Cass/Library/Caches/typescript/4.8/node_modules/@types/prismjs/index.d.ts","/Users/Cass/Library/Caches/typescript/4.8/node_modules/@types/strip-color/index.d.ts","/Users/Cass/Library/Caches/typescript/4.8/node_modules/@types/markdown-it-emoji/index.d.ts","/Users/Cass/Kaeforest/node_modules/markdown-it-anchor/types/index.d.ts","/Users/Cass/Library/Caches/typescript/4.8/node_modules/@types/ascii2mathml/index.d.ts","/Users/Cass/Library/Caches/typescript/4.8/node_modules/@types/markdown-it/index.d.ts","/Users/Cass/Library/Caches/typescript/4.8/node_modules/@types/markdown-it-footnote/index.d.ts","/Users/Cass/Kaeforest/.eleventy.js","/Users/Cass/Kaeforest/node_modules/autoprefixer/lib/autoprefixer.d.ts","/Users/Cass/Kaeforest/node_modules/axios/index.d.ts","/Users/Cass/Kaeforest/node_modules/dotenv/lib/main.d.ts","/Users/Cass/Kaeforest/node_modules/title-case/dist/index.d.ts","/Users/Cass/Library/Caches/typescript/4.8/node_modules/@types/prettier/index.d.ts","/Users/Cass/Library/Caches/typescript/4.8/node_modules/@types/stylus/index.d.ts","/Users/Cass/Library/Caches/typescript/4.8/node_modules/@types/xo/index.d.ts"],"compilerOptions":{"module":1,"target":3,"jsx":1,"allowJs":true,"allowSyntheticDefaultImports":true,"allowNonTsExtensions":true,"noEmitForJsFiles":true,"maxNodeModuleJsDepth":2},"typeAcquisition":{"enable":true,"include":[],"exclude":[]},"unresolvedImports":["@11ty/eleventy-navigation","@11ty/eleventy-plugin-directory-output","@11ty/eleventy-plugin-rss","@11ty/eleventy-plugin-syntaxhighlight","eleventy-plugin-toc","markdown-it-ins","markdown-it-math","markdown-it-replace-link","posthtml-urls"],"projectRootPath":"/Users/Cass/Kaeforest","kind":"discover"}
[02:26:17.011] Explicitly included types: []
[02:26:17.012] Typing names in '/Users/Cass/Kaeforest/package.json' dependencies: ["@11ty/eleventy-plugin-directory-output","axios","dotenv","eleventy-plugin-toc","markdown-it-footnote","markdown-it-ins","markdown-it-math","title-case","@11ty/eleventy","@11ty/eleventy-img","@11ty/eleventy-navigation","@11ty/eleventy-plugin-rss","@11ty/eleventy-plugin-syntaxhighlight","autoprefixer","luxon","markdown-it","markdown-it-anchor","markdown-it-emoji","markdown-it-replace-link","npm-run-all","prettier","prettier-config-xo","stylus","xo"]
[02:26:17.012] Searching for typing names in /Users/Cass/Kaeforest/node_modules; all files: ["/Users/Cass/Kaeforest/node_modules/@11ty/eleventy-plugin-directory-output/package.json","/Users/Cass/Kaeforest/node_modules/axios/package.json","/Users/Cass/Kaeforest/node_modules/dotenv/package.json","/Users/Cass/Kaeforest/node_modules/eleventy-plugin-toc/package.json","/Users/Cass/Kaeforest/node_modules/markdown-it-footnote/package.json","/Users/Cass/Kaeforest/node_modules/markdown-it-ins/package.json","/Users/Cass/Kaeforest/node_modules/markdown-it-math/package.json","/Users/Cass/Kaeforest/node_modules/title-case/package.json","/Users/Cass/Kaeforest/node_modules/@11ty/eleventy/package.json","/Users/Cass/Kaeforest/node_modules/@11ty/eleventy-img/package.json","/Users/Cass/Kaeforest/node_modules/@11ty/eleventy-navigation/package.json","/Users/Cass/Kaeforest/node_modules/@11ty/eleventy-plugin-rss/package.json","/Users/Cass/Kaeforest/node_modules/@11ty/eleventy-plugin-syntaxhighlight/package.json","/Users/Cass/Kaeforest/node_modules/autoprefixer/package.json","/Users/Cass/Kaeforest/node_modules/luxon/package.json","/Users/Cass/Kaeforest/node_modules/markdown-it/package.json","/Users/Cass/Kaeforest/node_modules/markdown-it-anchor/package.json","/Users/Cass/Kaeforest/node_modules/markdown-it-emoji/package.json","/Users/Cass/Kaeforest/node_modules/markdown-it-replace-link/package.json","/Users/Cass/Kaeforest/node_modules/npm-run-all/package.json","/Users/Cass/Kaeforest/node_modules/prettier/package.json","/Users/Cass/Kaeforest/node_modules/prettier-config-xo/package.json","/Users/Cass/Kaeforest/node_modules/stylus/package.json","/Users/Cass/Kaeforest/node_modules/xo/package.json"]
[02:26:17.012]     Package 'axios' provides its own types.
[02:26:17.012]     Package 'dotenv' provides its own types.
[02:26:17.013]     Package 'title-case' provides its own types.
[02:26:17.014]     Package 'autoprefixer' provides its own types.
[02:26:17.014]     Package 'markdown-it-anchor' provides its own types.
[02:26:17.015]     Found package names: ["@11ty/eleventy-plugin-directory-output","eleventy-plugin-toc","markdown-it-footnote","markdown-it-ins","markdown-it-math","@11ty/eleventy","@11ty/eleventy-img","@11ty/eleventy-navigation","@11ty/eleventy-plugin-rss","@11ty/eleventy-plugin-syntaxhighlight","luxon","markdown-it","markdown-it-emoji","markdown-it-replace-link","npm-run-all","prettier","prettier-config-xo","stylus","xo"]
[02:26:17.015] Inferred typings from unresolved imports: ["@11ty/eleventy-navigation","@11ty/eleventy-plugin-directory-output","@11ty/eleventy-plugin-rss","@11ty/eleventy-plugin-syntaxhighlight","eleventy-plugin-toc","markdown-it-ins","markdown-it-math","markdown-it-replace-link","posthtml-urls"]
[02:26:17.015] Result: {"cachedTypingPaths":["/Users/Cass/Kaeforest/node_modules/axios/index.d.ts","/Users/Cass/Kaeforest/node_modules/dotenv/lib/main.d.ts","/Users/Cass/Library/Caches/typescript/4.8/node_modules/@types/markdown-it-footnote/index.d.ts","/Users/Cass/Kaeforest/node_modules/title-case/dist/index.d.ts","/Users/Cass/Kaeforest/node_modules/autoprefixer/lib/autoprefixer.d.ts","/Users/Cass/Library/Caches/typescript/4.8/node_modules/@types/luxon/index.d.ts","/Users/Cass/Library/Caches/typescript/4.8/node_modules/@types/markdown-it/index.d.ts","/Users/Cass/Kaeforest/node_modules/markdown-it-anchor/types/index.d.ts","/Users/Cass/Library/Caches/typescript/4.8/node_modules/@types/markdown-it-emoji/index.d.ts","/Users/Cass/Library/Caches/typescript/4.8/node_modules/@types/prettier/index.d.ts","/Users/Cass/Library/Caches/typescript/4.8/node_modules/@types/stylus/index.d.ts","/Users/Cass/Library/Caches/typescript/4.8/node_modules/@types/xo/index.d.ts"],"newTypingNames":["@11ty/eleventy-plugin-directory-output","eleventy-plugin-toc","markdown-it-ins","markdown-it-math","@11ty/eleventy","@11ty/eleventy-img","@11ty/eleventy-navigation","@11ty/eleventy-plugin-rss","@11ty/eleventy-plugin-syntaxhighlight","markdown-it-replace-link","npm-run-all","prettier-config-xo","posthtml-urls"],"filesToWatch":["/Users/Cass/Kaeforest/bower_components","/Users/Cass/Kaeforest/package.json","/Users/Cass/Kaeforest/node_modules"]}
[02:26:17.015] Finished typings discovery: {"cachedTypingPaths":["/Users/Cass/Kaeforest/node_modules/axios/index.d.ts","/Users/Cass/Kaeforest/node_modules/dotenv/lib/main.d.ts","/Users/Cass/Library/Caches/typescript/4.8/node_modules/@types/markdown-it-footnote/index.d.ts","/Users/Cass/Kaeforest/node_modules/title-case/dist/index.d.ts","/Users/Cass/Kaeforest/node_modules/autoprefixer/lib/autoprefixer.d.ts","/Users/Cass/Library/Caches/typescript/4.8/node_modules/@types/luxon/index.d.ts","/Users/Cass/Library/Caches/typescript/4.8/node_modules/@types/markdown-it/index.d.ts","/Users/Cass/Kaeforest/node_modules/markdown-it-anchor/types/index.d.ts","/Users/Cass/Library/Caches/typescript/4.8/node_modules/@types/markdown-it-emoji/index.d.ts","/Users/Cass/Library/Caches/typescript/4.8/node_modules/@types/prettier/index.d.ts","/Users/Cass/Library/Caches/typescript/4.8/node_modules/@types/stylus/index.d.ts","/Users/Cass/Library/Caches/typescript/4.8/node_modules/@types/xo/index.d.ts"],"newTypingNames":["@11ty/eleventy-plugin-directory-output","eleventy-plugin-toc","markdown-it-ins","markdown-it-math","@11ty/eleventy","@11ty/eleventy-img","@11ty/eleventy-navigation","@11ty/eleventy-plugin-rss","@11ty/eleventy-plugin-syntaxhighlight","markdown-it-replace-link","npm-run-all","prettier-config-xo","posthtml-urls"],"filesToWatch":["/Users/Cass/Kaeforest/bower_components","/Users/Cass/Kaeforest/package.json","/Users/Cass/Kaeforest/node_modules"]}
[02:26:17.015] Installing typings ["@11ty/eleventy-plugin-directory-output","eleventy-plugin-toc","markdown-it-ins","markdown-it-math","@11ty/eleventy","@11ty/eleventy-img","@11ty/eleventy-navigation","@11ty/eleventy-plugin-rss","@11ty/eleventy-plugin-syntaxhighlight","markdown-it-replace-link","npm-run-all","prettier-config-xo","posthtml-urls"]
[02:26:17.016] '@11ty/eleventy-plugin-directory-output':: Entry for package '11ty__eleventy-plugin-directory-output' does not exist in local types registry - skipping...
[02:26:17.016] 'eleventy-plugin-toc':: Entry for package 'eleventy-plugin-toc' does not exist in local types registry - skipping...
[02:26:17.016] 'markdown-it-ins':: Entry for package 'markdown-it-ins' does not exist in local types registry - skipping...
[02:26:17.016] 'markdown-it-math':: Entry for package 'markdown-it-math' does not exist in local types registry - skipping...
[02:26:17.016] '@11ty/eleventy':: Entry for package '11ty__eleventy' does not exist in local types registry - skipping...
[02:26:17.016] '@11ty/eleventy-img':: '11ty__eleventy-img' already has an up-to-date typing - skipping...
[02:26:17.016] '@11ty/eleventy-navigation':: Entry for package '11ty__eleventy-navigation' does not exist in local types registry - skipping...
[02:26:17.016] '@11ty/eleventy-plugin-rss':: Entry for package '11ty__eleventy-plugin-rss' does not exist in local types registry - skipping...
[02:26:17.016] '@11ty/eleventy-plugin-syntaxhighlight':: Entry for package '11ty__eleventy-plugin-syntaxhighlight' does not exist in local types registry - skipping...
[02:26:17.016] 'markdown-it-replace-link':: Entry for package 'markdown-it-replace-link' does not exist in local types registry - skipping...
[02:26:17.016] 'npm-run-all':: Entry for package 'npm-run-all' does not exist in local types registry - skipping...
[02:26:17.016] 'prettier-config-xo':: Entry for package 'prettier-config-xo' does not exist in local types registry - skipping...
[02:26:17.016] 'posthtml-urls':: Entry for package 'posthtml-urls' does not exist in local types registry - skipping...
[02:26:17.016] All typings are known to be missing or invalid - no need to install more typings
[02:26:17.016] Sending response:
    {"projectName":"/dev/null/inferredProject1*","typeAcquisition":{"enable":true,"include":[],"exclude":[]},"compilerOptions":{"module":1,"target":3,"jsx":1,"allowJs":true,"allowSyntheticDefaultImports":true,"allowNonTsExtensions":true,"noEmitForJsFiles":true,"maxNodeModuleJsDepth":2},"typings":["/Users/Cass/Kaeforest/node_modules/axios/index.d.ts","/Users/Cass/Kaeforest/node_modules/dotenv/lib/main.d.ts","/Users/Cass/Library/Caches/typescript/4.8/node_modules/@types/markdown-it-footnote/index.d.ts","/Users/Cass/Kaeforest/node_modules/title-case/dist/index.d.ts","/Users/Cass/Kaeforest/node_modules/autoprefixer/lib/autoprefixer.d.ts","/Users/Cass/Library/Caches/typescript/4.8/node_modules/@types/luxon/index.d.ts","/Users/Cass/Library/Caches/typescript/4.8/node_modules/@types/markdown-it/index.d.ts","/Users/Cass/Kaeforest/node_modules/markdown-it-anchor/types/index.d.ts","/Users/Cass/Library/Caches/typescript/4.8/node_modules/@types/markdown-it-emoji/index.d.ts","/Users/Cass/Library/Caches/typescript/4.8/node_modules/@types/prettier/index.d.ts","/Users/Cass/Library/Caches/typescript/4.8/node_modules/@types/stylus/index.d.ts","/Users/Cass/Library/Caches/typescript/4.8/node_modules/@types/xo/index.d.ts"],"unresolvedImports":["@11ty/eleventy-navigation","@11ty/eleventy-plugin-directory-output","@11ty/eleventy-plugin-rss","@11ty/eleventy-plugin-syntaxhighlight","eleventy-plugin-toc","markdown-it-ins","markdown-it-math","markdown-it-replace-link","posthtml-urls"],"kind":"action::set"}
[02:26:17.016] Response has been sent.
[02:26:17.406] Got install request {"projectName":"/dev/null/inferredProject1*","fileNames":["/Users/Cass/Kaeforest/node_modules/typescript/lib/lib.es5.d.ts","/Users/Cass/Kaeforest/node_modules/typescript/lib/lib.es2015.d.ts","/Users/Cass/Kaeforest/node_modules/typescript/lib/lib.es2016.d.ts","/Users/Cass/Kaeforest/node_modules/typescript/lib/lib.dom.d.ts","/Users/Cass/Kaeforest/node_modules/typescript/lib/lib.dom.iterable.d.ts","/Users/Cass/Kaeforest/node_modules/typescript/lib/lib.webworker.importscripts.d.ts","/Users/Cass/Kaeforest/node_modules/typescript/lib/lib.scripthost.d.ts","/Users/Cass/Kaeforest/node_modules/typescript/lib/lib.es2015.core.d.ts","/Users/Cass/Kaeforest/node_modules/typescript/lib/lib.es2015.collection.d.ts","/Users/Cass/Kaeforest/node_modules/typescript/lib/lib.es2015.generator.d.ts","/Users/Cass/Kaeforest/node_modules/typescript/lib/lib.es2015.iterable.d.ts","/Users/Cass/Kaeforest/node_modules/typescript/lib/lib.es2015.promise.d.ts","/Users/Cass/Kaeforest/node_modules/typescript/lib/lib.es2015.proxy.d.ts","/Users/Cass/Kaeforest/node_modules/typescript/lib/lib.es2015.reflect.d.ts","/Users/Cass/Kaeforest/node_modules/typescript/lib/lib.es2015.symbol.d.ts","/Users/Cass/Kaeforest/node_modules/typescript/lib/lib.es2015.symbol.wellknown.d.ts","/Users/Cass/Kaeforest/node_modules/typescript/lib/lib.es2016.array.include.d.ts","/Users/Cass/Kaeforest/node_modules/typescript/lib/lib.es2016.full.d.ts","/Users/Cass/Library/Caches/typescript/4.8/node_modules/@types/luxon/index.d.ts","/Users/Cass/Library/Caches/typescript/4.8/node_modules/@types/markdown-it-emoji/index.d.ts","/Users/Cass/Kaeforest/node_modules/markdown-it-anchor/types/index.d.ts","/Users/Cass/Library/Caches/typescript/4.8/node_modules/@types/markdown-it/index.d.ts","/Users/Cass/Library/Caches/typescript/4.8/node_modules/@types/markdown-it-footnote/index.d.ts","/Users/Cass/Kaeforest/.eleventy.js","/Users/Cass/Kaeforest/node_modules/autoprefixer/lib/autoprefixer.d.ts","/Users/Cass/Kaeforest/node_modules/axios/index.d.ts","/Users/Cass/Kaeforest/node_modules/dotenv/lib/main.d.ts","/Users/Cass/Kaeforest/node_modules/title-case/dist/index.d.ts","/Users/Cass/Library/Caches/typescript/4.8/node_modules/@types/prettier/index.d.ts","/Users/Cass/Library/Caches/typescript/4.8/node_modules/@types/stylus/index.d.ts","/Users/Cass/Library/Caches/typescript/4.8/node_modules/@types/xo/index.d.ts"],"compilerOptions":{"module":1,"target":3,"jsx":1,"allowJs":true,"allowSyntheticDefaultImports":true,"allowNonTsExtensions":true,"noEmitForJsFiles":true,"maxNodeModuleJsDepth":2},"typeAcquisition":{"enable":true,"include":[],"exclude":[]},"unresolvedImports":["@11ty/eleventy-navigation","@11ty/eleventy-plugin-directory-output","@11ty/eleventy-plugin-rss","@11ty/eleventy-plugin-syntaxhighlight","eleventy-plugin-toc","markdown-it-ins","markdown-it-math","markdown-it-replace-link","posthtml-urls"],"projectRootPath":"/Users/Cass/Kaeforest","kind":"discover"}
[02:26:17.406] Explicitly included types: []
[02:26:17.407] Typing names in '/Users/Cass/Kaeforest/package.json' dependencies: ["@11ty/eleventy-plugin-directory-output","axios","dotenv","eleventy-plugin-toc","markdown-it-footnote","markdown-it-ins","markdown-it-math","title-case","@11ty/eleventy","@11ty/eleventy-img","@11ty/eleventy-navigation","@11ty/eleventy-plugin-rss","@11ty/eleventy-plugin-syntaxhighlight","autoprefixer","luxon","markdown-it","markdown-it-anchor","markdown-it-emoji","markdown-it-replace-link","npm-run-all","prettier","prettier-config-xo","stylus","xo"]
[02:26:17.407] Searching for typing names in /Users/Cass/Kaeforest/node_modules; all files: ["/Users/Cass/Kaeforest/node_modules/@11ty/eleventy-plugin-directory-output/package.json","/Users/Cass/Kaeforest/node_modules/axios/package.json","/Users/Cass/Kaeforest/node_modules/dotenv/package.json","/Users/Cass/Kaeforest/node_modules/eleventy-plugin-toc/package.json","/Users/Cass/Kaeforest/node_modules/markdown-it-footnote/package.json","/Users/Cass/Kaeforest/node_modules/markdown-it-ins/package.json","/Users/Cass/Kaeforest/node_modules/markdown-it-math/package.json","/Users/Cass/Kaeforest/node_modules/title-case/package.json","/Users/Cass/Kaeforest/node_modules/@11ty/eleventy/package.json","/Users/Cass/Kaeforest/node_modules/@11ty/eleventy-img/package.json","/Users/Cass/Kaeforest/node_modules/@11ty/eleventy-navigation/package.json","/Users/Cass/Kaeforest/node_modules/@11ty/eleventy-plugin-rss/package.json","/Users/Cass/Kaeforest/node_modules/@11ty/eleventy-plugin-syntaxhighlight/package.json","/Users/Cass/Kaeforest/node_modules/autoprefixer/package.json","/Users/Cass/Kaeforest/node_modules/luxon/package.json","/Users/Cass/Kaeforest/node_modules/markdown-it/package.json","/Users/Cass/Kaeforest/node_modules/markdown-it-anchor/package.json","/Users/Cass/Kaeforest/node_modules/markdown-it-emoji/package.json","/Users/Cass/Kaeforest/node_modules/markdown-it-replace-link/package.json","/Users/Cass/Kaeforest/node_modules/npm-run-all/package.json","/Users/Cass/Kaeforest/node_modules/prettier/package.json","/Users/Cass/Kaeforest/node_modules/prettier-config-xo/package.json","/Users/Cass/Kaeforest/node_modules/stylus/package.json","/Users/Cass/Kaeforest/node_modules/xo/package.json"]
[02:26:17.407]     Package 'axios' provides its own types.
[02:26:17.408]     Package 'dotenv' provides its own types.
[02:26:17.408]     Package 'title-case' provides its own types.
[02:26:17.409]     Package 'autoprefixer' provides its own types.
[02:26:17.409]     Package 'markdown-it-anchor' provides its own types.
[02:26:17.411]     Found package names: ["@11ty/eleventy-plugin-directory-output","eleventy-plugin-toc","markdown-it-footnote","markdown-it-ins","markdown-it-math","@11ty/eleventy","@11ty/eleventy-img","@11ty/eleventy-navigation","@11ty/eleventy-plugin-rss","@11ty/eleventy-plugin-syntaxhighlight","luxon","markdown-it","markdown-it-emoji","markdown-it-replace-link","npm-run-all","prettier","prettier-config-xo","stylus","xo"]
[02:26:17.411] Inferred typings from unresolved imports: ["@11ty/eleventy-navigation","@11ty/eleventy-plugin-directory-output","@11ty/eleventy-plugin-rss","@11ty/eleventy-plugin-syntaxhighlight","eleventy-plugin-toc","markdown-it-ins","markdown-it-math","markdown-it-replace-link","posthtml-urls"]
[02:26:17.411] Result: {"cachedTypingPaths":["/Users/Cass/Kaeforest/node_modules/axios/index.d.ts","/Users/Cass/Kaeforest/node_modules/dotenv/lib/main.d.ts","/Users/Cass/Library/Caches/typescript/4.8/node_modules/@types/markdown-it-footnote/index.d.ts","/Users/Cass/Kaeforest/node_modules/title-case/dist/index.d.ts","/Users/Cass/Kaeforest/node_modules/autoprefixer/lib/autoprefixer.d.ts","/Users/Cass/Library/Caches/typescript/4.8/node_modules/@types/luxon/index.d.ts","/Users/Cass/Library/Caches/typescript/4.8/node_modules/@types/markdown-it/index.d.ts","/Users/Cass/Kaeforest/node_modules/markdown-it-anchor/types/index.d.ts","/Users/Cass/Library/Caches/typescript/4.8/node_modules/@types/markdown-it-emoji/index.d.ts","/Users/Cass/Library/Caches/typescript/4.8/node_modules/@types/prettier/index.d.ts","/Users/Cass/Library/Caches/typescript/4.8/node_modules/@types/stylus/index.d.ts","/Users/Cass/Library/Caches/typescript/4.8/node_modules/@types/xo/index.d.ts"],"newTypingNames":["@11ty/eleventy-plugin-directory-output","eleventy-plugin-toc","markdown-it-ins","markdown-it-math","@11ty/eleventy","@11ty/eleventy-img","@11ty/eleventy-navigation","@11ty/eleventy-plugin-rss","@11ty/eleventy-plugin-syntaxhighlight","markdown-it-replace-link","npm-run-all","prettier-config-xo","posthtml-urls"],"filesToWatch":["/Users/Cass/Kaeforest/bower_components","/Users/Cass/Kaeforest/package.json","/Users/Cass/Kaeforest/node_modules"]}
[02:26:17.411] Finished typings discovery: {"cachedTypingPaths":["/Users/Cass/Kaeforest/node_modules/axios/index.d.ts","/Users/Cass/Kaeforest/node_modules/dotenv/lib/main.d.ts","/Users/Cass/Library/Caches/typescript/4.8/node_modules/@types/markdown-it-footnote/index.d.ts","/Users/Cass/Kaeforest/node_modules/title-case/dist/index.d.ts","/Users/Cass/Kaeforest/node_modules/autoprefixer/lib/autoprefixer.d.ts","/Users/Cass/Library/Caches/typescript/4.8/node_modules/@types/luxon/index.d.ts","/Users/Cass/Library/Caches/typescript/4.8/node_modules/@types/markdown-it/index.d.ts","/Users/Cass/Kaeforest/node_modules/markdown-it-anchor/types/index.d.ts","/Users/Cass/Library/Caches/typescript/4.8/node_modules/@types/markdown-it-emoji/index.d.ts","/Users/Cass/Library/Caches/typescript/4.8/node_modules/@types/prettier/index.d.ts","/Users/Cass/Library/Caches/typescript/4.8/node_modules/@types/stylus/index.d.ts","/Users/Cass/Library/Caches/typescript/4.8/node_modules/@types/xo/index.d.ts"],"newTypingNames":["@11ty/eleventy-plugin-directory-output","eleventy-plugin-toc","markdown-it-ins","markdown-it-math","@11ty/eleventy","@11ty/eleventy-img","@11ty/eleventy-navigation","@11ty/eleventy-plugin-rss","@11ty/eleventy-plugin-syntaxhighlight","markdown-it-replace-link","npm-run-all","prettier-config-xo","posthtml-urls"],"filesToWatch":["/Users/Cass/Kaeforest/bower_components","/Users/Cass/Kaeforest/package.json","/Users/Cass/Kaeforest/node_modules"]}
[02:26:17.411] Installing typings ["@11ty/eleventy-plugin-directory-output","eleventy-plugin-toc","markdown-it-ins","markdown-it-math","@11ty/eleventy","@11ty/eleventy-img","@11ty/eleventy-navigation","@11ty/eleventy-plugin-rss","@11ty/eleventy-plugin-syntaxhighlight","markdown-it-replace-link","npm-run-all","prettier-config-xo","posthtml-urls"]
[02:26:17.411] '@11ty/eleventy-plugin-directory-output':: Entry for package '11ty__eleventy-plugin-directory-output' does not exist in local types registry - skipping...
[02:26:17.411] 'eleventy-plugin-toc':: Entry for package 'eleventy-plugin-toc' does not exist in local types registry - skipping...
[02:26:17.411] 'markdown-it-ins':: Entry for package 'markdown-it-ins' does not exist in local types registry - skipping...
[02:26:17.411] 'markdown-it-math':: Entry for package 'markdown-it-math' does not exist in local types registry - skipping...
[02:26:17.411] '@11ty/eleventy':: Entry for package '11ty__eleventy' does not exist in local types registry - skipping...
[02:26:17.411] '@11ty/eleventy-img':: '11ty__eleventy-img' already has an up-to-date typing - skipping...
[02:26:17.411] '@11ty/eleventy-navigation':: Entry for package '11ty__eleventy-navigation' does not exist in local types registry - skipping...
[02:26:17.412] '@11ty/eleventy-plugin-rss':: Entry for package '11ty__eleventy-plugin-rss' does not exist in local types registry - skipping...
[02:26:17.412] '@11ty/eleventy-plugin-syntaxhighlight':: Entry for package '11ty__eleventy-plugin-syntaxhighlight' does not exist in local types registry - skipping...
[02:26:17.412] 'markdown-it-replace-link':: Entry for package 'markdown-it-replace-link' does not exist in local types registry - skipping...
[02:26:17.412] 'npm-run-all':: Entry for package 'npm-run-all' does not exist in local types registry - skipping...
[02:26:17.412] 'prettier-config-xo':: Entry for package 'prettier-config-xo' does not exist in local types registry - skipping...
[02:26:17.412] 'posthtml-urls':: Entry for package 'posthtml-urls' does not exist in local types registry - skipping...
[02:26:17.412] All typings are known to be missing or invalid - no need to install more typings
[02:26:17.412] Sending response:
    {"projectName":"/dev/null/inferredProject1*","typeAcquisition":{"enable":true,"include":[],"exclude":[]},"compilerOptions":{"module":1,"target":3,"jsx":1,"allowJs":true,"allowSyntheticDefaultImports":true,"allowNonTsExtensions":true,"noEmitForJsFiles":true,"maxNodeModuleJsDepth":2},"typings":["/Users/Cass/Kaeforest/node_modules/axios/index.d.ts","/Users/Cass/Kaeforest/node_modules/dotenv/lib/main.d.ts","/Users/Cass/Library/Caches/typescript/4.8/node_modules/@types/markdown-it-footnote/index.d.ts","/Users/Cass/Kaeforest/node_modules/title-case/dist/index.d.ts","/Users/Cass/Kaeforest/node_modules/autoprefixer/lib/autoprefixer.d.ts","/Users/Cass/Library/Caches/typescript/4.8/node_modules/@types/luxon/index.d.ts","/Users/Cass/Library/Caches/typescript/4.8/node_modules/@types/markdown-it/index.d.ts","/Users/Cass/Kaeforest/node_modules/markdown-it-anchor/types/index.d.ts","/Users/Cass/Library/Caches/typescript/4.8/node_modules/@types/markdown-it-emoji/index.d.ts","/Users/Cass/Library/Caches/typescript/4.8/node_modules/@types/prettier/index.d.ts","/Users/Cass/Library/Caches/typescript/4.8/node_modules/@types/stylus/index.d.ts","/Users/Cass/Library/Caches/typescript/4.8/node_modules/@types/xo/index.d.ts"],"unresolvedImports":["@11ty/eleventy-navigation","@11ty/eleventy-plugin-directory-output","@11ty/eleventy-plugin-rss","@11ty/eleventy-plugin-syntaxhighlight","eleventy-plugin-toc","markdown-it-ins","markdown-it-math","markdown-it-replace-link","posthtml-urls"],"kind":"action::set"}
[02:26:17.412] Response has been sent.
